2025-05-16T16:14:31.677+08:00  INFO 8444 --- [springboot-jpa] [main] c.example.demo.SpringbootJpaApplication  : Starting SpringbootJpaApplication using Java 21.0.6 with PID 8444 (E:\Eclipse\Project\springboot-jpa\target\classes started by NTPU in E:\Eclipse\Project\springboot-jpa)
2025-05-16T16:14:31.678+08:00  INFO 8444 --- [springboot-jpa] [main] c.example.demo.SpringbootJpaApplication  : No active profile set, falling back to 1 default profile: "default"
2025-05-16T16:14:31.977+08:00  INFO 8444 --- [springboot-jpa] [main] .s.d.r.c.RepositoryConfigurationDelegate : Multiple Spring Data modules found, entering strict repository configuration mode
2025-05-16T16:14:31.978+08:00  INFO 8444 --- [springboot-jpa] [main] .s.d.r.c.RepositoryConfigurationDelegate : Bootstrapping Spring Data JDBC repositories in DEFAULT mode.
2025-05-16T16:14:31.988+08:00  INFO 8444 --- [springboot-jpa] [main] .s.d.r.c.RepositoryConfigurationDelegate : Finished Spring Data repository scanning in 6 ms. Found 0 JDBC repository interfaces.
2025-05-16T16:14:31.999+08:00  INFO 8444 --- [springboot-jpa] [main] .s.d.r.c.RepositoryConfigurationDelegate : Multiple Spring Data modules found, entering strict repository configuration mode
2025-05-16T16:14:31.999+08:00  INFO 8444 --- [springboot-jpa] [main] .s.d.r.c.RepositoryConfigurationDelegate : Bootstrapping Spring Data JPA repositories in DEFAULT mode.
2025-05-16T16:14:32.003+08:00  INFO 8444 --- [springboot-jpa] [main] .s.d.r.c.RepositoryConfigurationDelegate : Finished Spring Data repository scanning in 0 ms. Found 0 JPA repository interfaces.
2025-05-16T16:14:32.215+08:00  INFO 8444 --- [springboot-jpa] [main] o.s.b.w.embedded.tomcat.TomcatWebServer  : Tomcat initialized with port 8081 (http)
2025-05-16T16:14:32.224+08:00  INFO 8444 --- [springboot-jpa] [main] o.apache.catalina.core.StandardService   : Starting service [Tomcat]
2025-05-16T16:14:32.225+08:00  INFO 8444 --- [springboot-jpa] [main] o.apache.catalina.core.StandardEngine    : Starting Servlet engine: [Apache Tomcat/10.1.40]
2025-05-16T16:14:32.303+08:00  INFO 8444 --- [springboot-jpa] [main] org.apache.jasper.servlet.TldScanner     : At least one JAR was scanned for TLDs yet contained no TLDs. Enable debug logging for this logger for a complete list of JARs that were scanned but no TLDs were found in them. Skipping unneeded JARs during scanning can improve startup time and JSP compilation time.
2025-05-16T16:14:32.306+08:00  INFO 8444 --- [springboot-jpa] [main] o.a.c.c.C.[Tomcat].[localhost].[/]       : Initializing Spring embedded WebApplicationContext
2025-05-16T16:14:32.306+08:00  INFO 8444 --- [springboot-jpa] [main] w.s.c.ServletWebServerApplicationContext : Root WebApplicationContext: initialization completed in 606 ms
2025-05-16T16:14:32.381+08:00  INFO 8444 --- [springboot-jpa] [main] o.hibernate.jpa.internal.util.LogHelper  : HHH000204: Processing PersistenceUnitInfo [name: default]
2025-05-16T16:14:32.408+08:00  INFO 8444 --- [springboot-jpa] [main] org.hibernate.Version                    : HHH000412: Hibernate ORM core version 6.6.13.Final
2025-05-16T16:14:32.425+08:00  INFO 8444 --- [springboot-jpa] [main] o.h.c.internal.RegionFactoryInitiator    : HHH000026: Second-level cache disabled
2025-05-16T16:14:32.593+08:00  INFO 8444 --- [springboot-jpa] [main] o.s.o.j.p.SpringPersistenceUnitInfo      : No LoadTimeWeaver setup: ignoring JPA class transformer
2025-05-16T16:14:32.609+08:00  INFO 8444 --- [springboot-jpa] [main] com.zaxxer.hikari.HikariDataSource       : HikariPool-1 - Starting...
2025-05-16T16:14:32.697+08:00  INFO 8444 --- [springboot-jpa] [main] com.zaxxer.hikari.pool.HikariPool        : HikariPool-1 - Added connection com.mysql.cj.jdbc.ConnectionImpl@13908f9c
2025-05-16T16:14:32.698+08:00  INFO 8444 --- [springboot-jpa] [main] com.zaxxer.hikari.HikariDataSource       : HikariPool-1 - Start completed.
2025-05-16T16:14:32.745+08:00  INFO 8444 --- [springboot-jpa] [main] org.hibernate.orm.connections.pooling    : HHH10001005: Database info:
	Database JDBC URL [Connecting through datasource 'HikariDataSource (HikariPool-1)']
	Database driver: undefined/unknown
	Database version: 8.0.34
	Autocommit mode: undefined/unknown
	Isolation level: undefined/unknown
	Minimum pool size: undefined/unknown
	Maximum pool size: undefined/unknown
2025-05-16T16:14:32.914+08:00  INFO 8444 --- [springboot-jpa] [main] o.h.e.t.j.p.i.JtaPlatformInitiator       : HHH000489: No JTA platform available (set 'hibernate.transaction.jta.platform' to enable JTA platform integration)
2025-05-16T16:14:32.917+08:00  INFO 8444 --- [springboot-jpa] [main] j.LocalContainerEntityManagerFactoryBean : Initialized JPA EntityManagerFactory for persistence unit 'default'
2025-05-16T16:14:33.195+08:00  INFO 8444 --- [springboot-jpa] [main] o.s.b.w.embedded.tomcat.TomcatWebServer  : Tomcat started on port 8081 (http) with context path '/'
2025-05-16T16:14:33.199+08:00  INFO 8444 --- [springboot-jpa] [main] c.example.demo.SpringbootJpaApplication  : Started SpringbootJpaApplication in 1.725 seconds (process running for 2.026)
2025-05-16T16:14:42.872+08:00  INFO 8444 --- [springboot-jpa] [http-nio-8081-exec-2] o.a.c.c.C.[Tomcat].[localhost].[/]       : Initializing Spring DispatcherServlet 'dispatcherServlet'
2025-05-16T16:14:42.872+08:00  INFO 8444 --- [springboot-jpa] [http-nio-8081-exec-2] o.s.web.servlet.DispatcherServlet        : Initializing Servlet 'dispatcherServlet'
2025-05-16T16:14:42.873+08:00  INFO 8444 --- [springboot-jpa] [http-nio-8081-exec-2] o.s.web.servlet.DispatcherServlet        : Completed initialization in 1 ms
2025-05-16T16:25:03.692+08:00  INFO 8444 --- [springboot-jpa] [RMI TCP Connection(21)-127.0.0.1] inMXBeanRegistrar$SpringApplicationAdmin : Application shutdown requested.
2025-05-16T16:25:03.694+08:00  INFO 8444 --- [springboot-jpa] [RMI TCP Connection(21)-127.0.0.1] o.s.b.w.e.tomcat.GracefulShutdown        : Commencing graceful shutdown. Waiting for active requests to complete
2025-05-16T16:25:03.696+08:00  INFO 8444 --- [springboot-jpa] [tomcat-shutdown] o.s.b.w.e.tomcat.GracefulShutdown        : Graceful shutdown complete
2025-05-16T16:25:03.698+08:00  INFO 8444 --- [springboot-jpa] [RMI TCP Connection(21)-127.0.0.1] j.LocalContainerEntityManagerFactoryBean : Closing JPA EntityManagerFactory for persistence unit 'default'
2025-05-16T16:25:03.699+08:00  INFO 8444 --- [springboot-jpa] [RMI TCP Connection(21)-127.0.0.1] com.zaxxer.hikari.HikariDataSource       : HikariPool-1 - Shutdown initiated...
2025-05-16T16:25:03.702+08:00  INFO 8444 --- [springboot-jpa] [RMI TCP Connection(21)-127.0.0.1] com.zaxxer.hikari.HikariDataSource       : HikariPool-1 - Shutdown completed.
2025-05-16T16:25:05.573+08:00  INFO 7232 --- [springboot-jpa] [main] c.example.demo.SpringbootJpaApplication  : Starting SpringbootJpaApplication using Java 21.0.6 with PID 7232 (E:\Eclipse\Project\springboot-jpa\target\classes started by NTPU in E:\Eclipse\Project\springboot-jpa)
2025-05-16T16:25:05.574+08:00  INFO 7232 --- [springboot-jpa] [main] c.example.demo.SpringbootJpaApplication  : No active profile set, falling back to 1 default profile: "default"
2025-05-16T16:25:05.925+08:00  INFO 7232 --- [springboot-jpa] [main] .s.d.r.c.RepositoryConfigurationDelegate : Multiple Spring Data modules found, entering strict repository configuration mode
2025-05-16T16:25:05.926+08:00  INFO 7232 --- [springboot-jpa] [main] .s.d.r.c.RepositoryConfigurationDelegate : Bootstrapping Spring Data JDBC repositories in DEFAULT mode.
2025-05-16T16:25:05.943+08:00  INFO 7232 --- [springboot-jpa] [main] .s.d.r.c.RepositoryConfigurationDelegate : Finished Spring Data repository scanning in 8 ms. Found 0 JDBC repository interfaces.
2025-05-16T16:25:05.950+08:00  INFO 7232 --- [springboot-jpa] [main] .s.d.r.c.RepositoryConfigurationDelegate : Multiple Spring Data modules found, entering strict repository configuration mode
2025-05-16T16:25:05.950+08:00  INFO 7232 --- [springboot-jpa] [main] .s.d.r.c.RepositoryConfigurationDelegate : Bootstrapping Spring Data JPA repositories in DEFAULT mode.
2025-05-16T16:25:05.954+08:00  INFO 7232 --- [springboot-jpa] [main] .s.d.r.c.RepositoryConfigurationDelegate : Finished Spring Data repository scanning in 1 ms. Found 0 JPA repository interfaces.
2025-05-16T16:25:06.216+08:00  INFO 7232 --- [springboot-jpa] [main] o.s.b.w.embedded.tomcat.TomcatWebServer  : Tomcat initialized with port 8081 (http)
2025-05-16T16:25:06.224+08:00  INFO 7232 --- [springboot-jpa] [main] o.apache.catalina.core.StandardService   : Starting service [Tomcat]
2025-05-16T16:25:06.224+08:00  INFO 7232 --- [springboot-jpa] [main] o.apache.catalina.core.StandardEngine    : Starting Servlet engine: [Apache Tomcat/10.1.40]
2025-05-16T16:25:06.302+08:00  INFO 7232 --- [springboot-jpa] [main] org.apache.jasper.servlet.TldScanner     : At least one JAR was scanned for TLDs yet contained no TLDs. Enable debug logging for this logger for a complete list of JARs that were scanned but no TLDs were found in them. Skipping unneeded JARs during scanning can improve startup time and JSP compilation time.
2025-05-16T16:25:06.305+08:00  INFO 7232 --- [springboot-jpa] [main] o.a.c.c.C.[Tomcat].[localhost].[/]       : Initializing Spring embedded WebApplicationContext
2025-05-16T16:25:06.305+08:00  INFO 7232 --- [springboot-jpa] [main] w.s.c.ServletWebServerApplicationContext : Root WebApplicationContext: initialization completed in 704 ms
2025-05-16T16:25:06.382+08:00  INFO 7232 --- [springboot-jpa] [main] o.hibernate.jpa.internal.util.LogHelper  : HHH000204: Processing PersistenceUnitInfo [name: default]
2025-05-16T16:25:06.408+08:00  INFO 7232 --- [springboot-jpa] [main] org.hibernate.Version                    : HHH000412: Hibernate ORM core version 6.6.13.Final
2025-05-16T16:25:06.425+08:00  INFO 7232 --- [springboot-jpa] [main] o.h.c.internal.RegionFactoryInitiator    : HHH000026: Second-level cache disabled
2025-05-16T16:25:06.571+08:00  INFO 7232 --- [springboot-jpa] [main] o.s.o.j.p.SpringPersistenceUnitInfo      : No LoadTimeWeaver setup: ignoring JPA class transformer
2025-05-16T16:25:06.587+08:00  INFO 7232 --- [springboot-jpa] [main] com.zaxxer.hikari.HikariDataSource       : HikariPool-1 - Starting...
2025-05-16T16:25:06.676+08:00  INFO 7232 --- [springboot-jpa] [main] com.zaxxer.hikari.pool.HikariPool        : HikariPool-1 - Added connection com.mysql.cj.jdbc.ConnectionImpl@6cbdd1c5
2025-05-16T16:25:06.677+08:00  INFO 7232 --- [springboot-jpa] [main] com.zaxxer.hikari.HikariDataSource       : HikariPool-1 - Start completed.
2025-05-16T16:25:06.721+08:00  INFO 7232 --- [springboot-jpa] [main] org.hibernate.orm.connections.pooling    : HHH10001005: Database info:
	Database JDBC URL [Connecting through datasource 'HikariDataSource (HikariPool-1)']
	Database driver: undefined/unknown
	Database version: 8.0.34
	Autocommit mode: undefined/unknown
	Isolation level: undefined/unknown
	Minimum pool size: undefined/unknown
	Maximum pool size: undefined/unknown
2025-05-16T16:25:07.134+08:00  INFO 7232 --- [springboot-jpa] [main] o.h.e.t.j.p.i.JtaPlatformInitiator       : HHH000489: No JTA platform available (set 'hibernate.transaction.jta.platform' to enable JTA platform integration)
2025-05-16T16:25:07.476+08:00  INFO 7232 --- [springboot-jpa] [main] j.LocalContainerEntityManagerFactoryBean : Initialized JPA EntityManagerFactory for persistence unit 'default'
2025-05-16T16:25:07.760+08:00  INFO 7232 --- [springboot-jpa] [main] o.s.b.w.embedded.tomcat.TomcatWebServer  : Tomcat started on port 8081 (http) with context path '/'
2025-05-16T16:25:07.764+08:00  INFO 7232 --- [springboot-jpa] [main] c.example.demo.SpringbootJpaApplication  : Started SpringbootJpaApplication in 2.419 seconds (process running for 2.735)
2025-05-16T16:49:10.985+08:00  INFO 6704 --- [springboot-jpa] [main] com.example.demo.RoomJPATest             : Starting RoomJPATest using Java 21.0.6 with PID 6704 (started by NTPU in E:\Eclipse\Project\springboot-jpa)
2025-05-16T16:49:10.986+08:00  INFO 6704 --- [springboot-jpa] [main] com.example.demo.RoomJPATest             : No active profile set, falling back to 1 default profile: "default"
2025-05-16T16:49:11.344+08:00  INFO 6704 --- [springboot-jpa] [main] .s.d.r.c.RepositoryConfigurationDelegate : Multiple Spring Data modules found, entering strict repository configuration mode
2025-05-16T16:49:11.345+08:00  INFO 6704 --- [springboot-jpa] [main] .s.d.r.c.RepositoryConfigurationDelegate : Bootstrapping Spring Data JDBC repositories in DEFAULT mode.
2025-05-16T16:49:11.368+08:00  INFO 6704 --- [springboot-jpa] [main] .RepositoryConfigurationExtensionSupport : Spring Data JDBC - Could not safely identify store assignment for repository candidate interface com.example.demo.repository.RoomRepository; If you want this repository to be a JDBC repository, consider annotating your entities with one of these annotations: org.springframework.data.relational.core.mapping.Table.
2025-05-16T16:49:11.369+08:00  INFO 6704 --- [springboot-jpa] [main] .s.d.r.c.RepositoryConfigurationDelegate : Finished Spring Data repository scanning in 18 ms. Found 0 JDBC repository interfaces.
2025-05-16T16:49:11.377+08:00  INFO 6704 --- [springboot-jpa] [main] .s.d.r.c.RepositoryConfigurationDelegate : Multiple Spring Data modules found, entering strict repository configuration mode
2025-05-16T16:49:11.378+08:00  INFO 6704 --- [springboot-jpa] [main] .s.d.r.c.RepositoryConfigurationDelegate : Bootstrapping Spring Data JPA repositories in DEFAULT mode.
2025-05-16T16:49:11.396+08:00  INFO 6704 --- [springboot-jpa] [main] .s.d.r.c.RepositoryConfigurationDelegate : Finished Spring Data repository scanning in 13 ms. Found 1 JPA repository interface.
2025-05-16T16:49:11.604+08:00  INFO 6704 --- [springboot-jpa] [main] o.hibernate.jpa.internal.util.LogHelper  : HHH000204: Processing PersistenceUnitInfo [name: default]
2025-05-16T16:49:11.638+08:00  INFO 6704 --- [springboot-jpa] [main] org.hibernate.Version                    : HHH000412: Hibernate ORM core version 6.6.13.Final
2025-05-16T16:49:11.661+08:00  INFO 6704 --- [springboot-jpa] [main] o.h.c.internal.RegionFactoryInitiator    : HHH000026: Second-level cache disabled
2025-05-16T16:49:11.852+08:00  INFO 6704 --- [springboot-jpa] [main] o.s.o.j.p.SpringPersistenceUnitInfo      : No LoadTimeWeaver setup: ignoring JPA class transformer
2025-05-16T16:49:11.874+08:00  INFO 6704 --- [springboot-jpa] [main] com.zaxxer.hikari.HikariDataSource       : HikariPool-1 - Starting...
2025-05-16T16:49:11.973+08:00  INFO 6704 --- [springboot-jpa] [main] com.zaxxer.hikari.pool.HikariPool        : HikariPool-1 - Added connection com.mysql.cj.jdbc.ConnectionImpl@3b8507df
2025-05-16T16:49:11.974+08:00  INFO 6704 --- [springboot-jpa] [main] com.zaxxer.hikari.HikariDataSource       : HikariPool-1 - Start completed.
2025-05-16T16:49:12.019+08:00  INFO 6704 --- [springboot-jpa] [main] org.hibernate.orm.connections.pooling    : HHH10001005: Database info:
	Database JDBC URL [Connecting through datasource 'HikariDataSource (HikariPool-1)']
	Database driver: undefined/unknown
	Database version: 8.0.34
	Autocommit mode: undefined/unknown
	Isolation level: undefined/unknown
	Minimum pool size: undefined/unknown
	Maximum pool size: undefined/unknown
2025-05-16T16:49:12.443+08:00  INFO 6704 --- [springboot-jpa] [main] o.h.e.t.j.p.i.JtaPlatformInitiator       : HHH000489: No JTA platform available (set 'hibernate.transaction.jta.platform' to enable JTA platform integration)
2025-05-16T16:49:12.469+08:00  INFO 6704 --- [springboot-jpa] [main] j.LocalContainerEntityManagerFactoryBean : Initialized JPA EntityManagerFactory for persistence unit 'default'
2025-05-16T16:49:12.999+08:00  INFO 6704 --- [springboot-jpa] [main] com.example.demo.RoomJPATest             : Started RoomJPATest in 2.21 seconds (process running for 2.798)
2025-05-16T16:49:33.770+08:00  INFO 6704 --- [springboot-jpa] [SpringApplicationShutdownHook] j.LocalContainerEntityManagerFactoryBean : Closing JPA EntityManagerFactory for persistence unit 'default'
2025-05-16T16:49:33.771+08:00  INFO 6704 --- [springboot-jpa] [SpringApplicationShutdownHook] com.zaxxer.hikari.HikariDataSource       : HikariPool-1 - Shutdown initiated...
2025-05-16T16:49:33.775+08:00  INFO 6704 --- [springboot-jpa] [SpringApplicationShutdownHook] com.zaxxer.hikari.HikariDataSource       : HikariPool-1 - Shutdown completed.
2025-05-16T16:49:40.401+08:00  INFO 1632 --- [springboot-jpa] [main] com.example.demo.RoomJPATest             : Starting RoomJPATest using Java 21.0.6 with PID 1632 (started by NTPU in E:\Eclipse\Project\springboot-jpa)
2025-05-16T16:49:40.402+08:00  INFO 1632 --- [springboot-jpa] [main] com.example.demo.RoomJPATest             : No active profile set, falling back to 1 default profile: "default"
2025-05-16T16:49:40.756+08:00  INFO 1632 --- [springboot-jpa] [main] .s.d.r.c.RepositoryConfigurationDelegate : Multiple Spring Data modules found, entering strict repository configuration mode
2025-05-16T16:49:40.757+08:00  INFO 1632 --- [springboot-jpa] [main] .s.d.r.c.RepositoryConfigurationDelegate : Bootstrapping Spring Data JDBC repositories in DEFAULT mode.
2025-05-16T16:49:40.779+08:00  INFO 1632 --- [springboot-jpa] [main] .RepositoryConfigurationExtensionSupport : Spring Data JDBC - Could not safely identify store assignment for repository candidate interface com.example.demo.repository.RoomRepository; If you want this repository to be a JDBC repository, consider annotating your entities with one of these annotations: org.springframework.data.relational.core.mapping.Table.
2025-05-16T16:49:40.779+08:00  INFO 1632 --- [springboot-jpa] [main] .s.d.r.c.RepositoryConfigurationDelegate : Finished Spring Data repository scanning in 16 ms. Found 0 JDBC repository interfaces.
2025-05-16T16:49:40.788+08:00  INFO 1632 --- [springboot-jpa] [main] .s.d.r.c.RepositoryConfigurationDelegate : Multiple Spring Data modules found, entering strict repository configuration mode
2025-05-16T16:49:40.789+08:00  INFO 1632 --- [springboot-jpa] [main] .s.d.r.c.RepositoryConfigurationDelegate : Bootstrapping Spring Data JPA repositories in DEFAULT mode.
2025-05-16T16:49:40.806+08:00  INFO 1632 --- [springboot-jpa] [main] .s.d.r.c.RepositoryConfigurationDelegate : Finished Spring Data repository scanning in 13 ms. Found 1 JPA repository interface.
2025-05-16T16:49:41.013+08:00  INFO 1632 --- [springboot-jpa] [main] o.hibernate.jpa.internal.util.LogHelper  : HHH000204: Processing PersistenceUnitInfo [name: default]
2025-05-16T16:49:41.042+08:00  INFO 1632 --- [springboot-jpa] [main] org.hibernate.Version                    : HHH000412: Hibernate ORM core version 6.6.13.Final
2025-05-16T16:49:41.067+08:00  INFO 1632 --- [springboot-jpa] [main] o.h.c.internal.RegionFactoryInitiator    : HHH000026: Second-level cache disabled
2025-05-16T16:49:41.242+08:00  INFO 1632 --- [springboot-jpa] [main] o.s.o.j.p.SpringPersistenceUnitInfo      : No LoadTimeWeaver setup: ignoring JPA class transformer
2025-05-16T16:49:41.263+08:00  INFO 1632 --- [springboot-jpa] [main] com.zaxxer.hikari.HikariDataSource       : HikariPool-1 - Starting...
2025-05-16T16:49:41.371+08:00  INFO 1632 --- [springboot-jpa] [main] com.zaxxer.hikari.pool.HikariPool        : HikariPool-1 - Added connection com.mysql.cj.jdbc.ConnectionImpl@a3b858f
2025-05-16T16:49:41.372+08:00  INFO 1632 --- [springboot-jpa] [main] com.zaxxer.hikari.HikariDataSource       : HikariPool-1 - Start completed.
2025-05-16T16:49:41.416+08:00  INFO 1632 --- [springboot-jpa] [main] org.hibernate.orm.connections.pooling    : HHH10001005: Database info:
	Database JDBC URL [Connecting through datasource 'HikariDataSource (HikariPool-1)']
	Database driver: undefined/unknown
	Database version: 8.0.34
	Autocommit mode: undefined/unknown
	Isolation level: undefined/unknown
	Minimum pool size: undefined/unknown
	Maximum pool size: undefined/unknown
2025-05-16T16:49:41.851+08:00  INFO 1632 --- [springboot-jpa] [main] o.h.e.t.j.p.i.JtaPlatformInitiator       : HHH000489: No JTA platform available (set 'hibernate.transaction.jta.platform' to enable JTA platform integration)
2025-05-16T16:49:41.876+08:00  INFO 1632 --- [springboot-jpa] [main] j.LocalContainerEntityManagerFactoryBean : Initialized JPA EntityManagerFactory for persistence unit 'default'
2025-05-16T16:49:42.393+08:00  INFO 1632 --- [springboot-jpa] [main] com.example.demo.RoomJPATest             : Started RoomJPATest in 2.181 seconds (process running for 2.721)
2025-05-16T16:49:58.524+08:00  INFO 1632 --- [springboot-jpa] [SpringApplicationShutdownHook] j.LocalContainerEntityManagerFactoryBean : Closing JPA EntityManagerFactory for persistence unit 'default'
2025-05-16T16:49:58.525+08:00  INFO 1632 --- [springboot-jpa] [SpringApplicationShutdownHook] com.zaxxer.hikari.HikariDataSource       : HikariPool-1 - Shutdown initiated...
2025-05-16T16:49:58.529+08:00  INFO 1632 --- [springboot-jpa] [SpringApplicationShutdownHook] com.zaxxer.hikari.HikariDataSource       : HikariPool-1 - Shutdown completed.
2025-05-16T16:50:17.688+08:00  INFO 3904 --- [springboot-jpa] [main] com.example.demo.RoomJPATest             : Starting RoomJPATest using Java 21.0.6 with PID 3904 (started by NTPU in E:\Eclipse\Project\springboot-jpa)
2025-05-16T16:50:17.690+08:00  INFO 3904 --- [springboot-jpa] [main] com.example.demo.RoomJPATest             : No active profile set, falling back to 1 default profile: "default"
2025-05-16T16:50:18.152+08:00  INFO 3904 --- [springboot-jpa] [main] .s.d.r.c.RepositoryConfigurationDelegate : Multiple Spring Data modules found, entering strict repository configuration mode
2025-05-16T16:50:18.154+08:00  INFO 3904 --- [springboot-jpa] [main] .s.d.r.c.RepositoryConfigurationDelegate : Bootstrapping Spring Data JDBC repositories in DEFAULT mode.
2025-05-16T16:50:18.176+08:00  INFO 3904 --- [springboot-jpa] [main] .RepositoryConfigurationExtensionSupport : Spring Data JDBC - Could not safely identify store assignment for repository candidate interface com.example.demo.repository.RoomRepository; If you want this repository to be a JDBC repository, consider annotating your entities with one of these annotations: org.springframework.data.relational.core.mapping.Table.
2025-05-16T16:50:18.177+08:00  INFO 3904 --- [springboot-jpa] [main] .s.d.r.c.RepositoryConfigurationDelegate : Finished Spring Data repository scanning in 18 ms. Found 0 JDBC repository interfaces.
2025-05-16T16:50:18.186+08:00  INFO 3904 --- [springboot-jpa] [main] .s.d.r.c.RepositoryConfigurationDelegate : Multiple Spring Data modules found, entering strict repository configuration mode
2025-05-16T16:50:18.187+08:00  INFO 3904 --- [springboot-jpa] [main] .s.d.r.c.RepositoryConfigurationDelegate : Bootstrapping Spring Data JPA repositories in DEFAULT mode.
2025-05-16T16:50:18.206+08:00  INFO 3904 --- [springboot-jpa] [main] .s.d.r.c.RepositoryConfigurationDelegate : Finished Spring Data repository scanning in 15 ms. Found 1 JPA repository interface.
2025-05-16T16:50:18.457+08:00  INFO 3904 --- [springboot-jpa] [main] o.hibernate.jpa.internal.util.LogHelper  : HHH000204: Processing PersistenceUnitInfo [name: default]
2025-05-16T16:50:18.497+08:00  INFO 3904 --- [springboot-jpa] [main] org.hibernate.Version                    : HHH000412: Hibernate ORM core version 6.6.13.Final
2025-05-16T16:50:18.522+08:00  INFO 3904 --- [springboot-jpa] [main] o.h.c.internal.RegionFactoryInitiator    : HHH000026: Second-level cache disabled
2025-05-16T16:50:18.743+08:00  INFO 3904 --- [springboot-jpa] [main] o.s.o.j.p.SpringPersistenceUnitInfo      : No LoadTimeWeaver setup: ignoring JPA class transformer
2025-05-16T16:50:18.772+08:00  INFO 3904 --- [springboot-jpa] [main] com.zaxxer.hikari.HikariDataSource       : HikariPool-1 - Starting...
2025-05-16T16:50:18.912+08:00  INFO 3904 --- [springboot-jpa] [main] com.zaxxer.hikari.pool.HikariPool        : HikariPool-1 - Added connection com.mysql.cj.jdbc.ConnectionImpl@5922cff3
2025-05-16T16:50:18.914+08:00  INFO 3904 --- [springboot-jpa] [main] com.zaxxer.hikari.HikariDataSource       : HikariPool-1 - Start completed.
2025-05-16T16:50:18.973+08:00  INFO 3904 --- [springboot-jpa] [main] org.hibernate.orm.connections.pooling    : HHH10001005: Database info:
	Database JDBC URL [Connecting through datasource 'HikariDataSource (HikariPool-1)']
	Database driver: undefined/unknown
	Database version: 8.0.34
	Autocommit mode: undefined/unknown
	Isolation level: undefined/unknown
	Minimum pool size: undefined/unknown
	Maximum pool size: undefined/unknown
2025-05-16T16:50:19.518+08:00  INFO 3904 --- [springboot-jpa] [main] o.h.e.t.j.p.i.JtaPlatformInitiator       : HHH000489: No JTA platform available (set 'hibernate.transaction.jta.platform' to enable JTA platform integration)
2025-05-16T16:50:19.546+08:00  INFO 3904 --- [springboot-jpa] [main] j.LocalContainerEntityManagerFactoryBean : Initialized JPA EntityManagerFactory for persistence unit 'default'
2025-05-16T16:50:20.117+08:00  INFO 3904 --- [springboot-jpa] [main] com.example.demo.RoomJPATest             : Started RoomJPATest in 2.669 seconds (process running for 3.472)
2025-05-16T16:50:30.340+08:00  INFO 3904 --- [springboot-jpa] [SpringApplicationShutdownHook] j.LocalContainerEntityManagerFactoryBean : Closing JPA EntityManagerFactory for persistence unit 'default'
2025-05-16T16:50:30.342+08:00  INFO 3904 --- [springboot-jpa] [SpringApplicationShutdownHook] com.zaxxer.hikari.HikariDataSource       : HikariPool-1 - Shutdown initiated...
2025-05-16T16:50:30.346+08:00  INFO 3904 --- [springboot-jpa] [SpringApplicationShutdownHook] com.zaxxer.hikari.HikariDataSource       : HikariPool-1 - Shutdown completed.
